1738820072.358793 client started (3086): version 3.0a, socket /tmp/tmux-1000/default, protocol 8
1738820072.358842 on Linux 5.15.167.4-microsoft-standard-WSL2 #1 SMP Tue Nov 5 00:21:55 UTC 2024; libevent 2.1.11-stable (poll)
1738820072.358853 socket is /tmp/tmux-1000/default
1738820072.358861 trying connect
1738820072.358911 add peer 0x561d99f205b0: 6 ((nil))
1738820072.358957 sending message 100 to peer 0x561d99f205b0 (4 bytes)
1738820072.358961 sending message 101 to peer 0x561d99f205b0 (15 bytes)
1738820072.358964 sending message 102 to peer 0x561d99f205b0 (11 bytes)
1738820072.358966 sending message 108 to peer 0x561d99f205b0 (88 bytes)
1738820072.358969 sending message 104 to peer 0x561d99f205b0 (0 bytes)
1738820072.358971 sending message 107 to peer 0x561d99f205b0 (4 bytes)
1738820072.358974 sending message 105 to peer 0x561d99f205b0 (11 bytes)
1738820072.358976 sending message 105 to peer 0x561d99f205b0 (56 bytes)
1738820072.358979 sending message 105 to peer 0x561d99f205b0 (23 bytes)
1738820072.358981 sending message 105 to peer 0x561d99f205b0 (16 bytes)
1738820072.358984 sending message 105 to peer 0x561d99f205b0 (27 bytes)
1738820072.358986 sending message 105 to peer 0x561d99f205b0 (16 bytes)
1738820072.358989 sending message 105 to peer 0x561d99f205b0 (13 bytes)
1738820072.358991 sending message 105 to peer 0x561d99f205b0 (24 bytes)
1738820072.358993 sending message 105 to peer 0x561d99f205b0 (16 bytes)
1738820072.358996 sending message 105 to peer 0x561d99f205b0 (29 bytes)
1738820072.358998 sending message 105 to peer 0x561d99f205b0 (1606 bytes)
1738820072.359004 sending message 105 to peer 0x561d99f205b0 (40 bytes)
1738820072.359007 sending message 105 to peer 0x561d99f205b0 (92 bytes)
1738820072.359009 sending message 105 to peer 0x561d99f205b0 (19 bytes)
1738820072.359012 sending message 105 to peer 0x561d99f205b0 (8 bytes)
1738820072.359014 sending message 105 to peer 0x561d99f205b0 (20 bytes)
1738820072.359016 sending message 105 to peer 0x561d99f205b0 (21 bytes)
1738820072.359019 sending message 105 to peer 0x561d99f205b0 (26 bytes)
1738820072.359021 sending message 105 to peer 0x561d99f205b0 (24 bytes)
1738820072.359024 sending message 105 to peer 0x561d99f205b0 (33 bytes)
1738820072.359026 sending message 105 to peer 0x561d99f205b0 (29 bytes)
1738820072.359028 sending message 105 to peer 0x561d99f205b0 (31 bytes)
1738820072.359031 sending message 105 to peer 0x561d99f205b0 (53 bytes)
1738820072.359033 sending message 105 to peer 0x561d99f205b0 (48 bytes)
1738820072.359036 sending message 105 to peer 0x561d99f205b0 (38 bytes)
1738820072.359038 sending message 105 to peer 0x561d99f205b0 (16 bytes)
1738820072.359040 sending message 105 to peer 0x561d99f205b0 (15 bytes)
1738820072.359043 sending message 105 to peer 0x561d99f205b0 (11 bytes)
1738820072.359045 sending message 105 to peer 0x561d99f205b0 (52 bytes)
1738820072.359047 sending message 105 to peer 0x561d99f205b0 (55 bytes)
1738820072.359050 sending message 105 to peer 0x561d99f205b0 (37 bytes)
1738820072.359052 sending message 105 to peer 0x561d99f205b0 (11 bytes)
1738820072.359054 sending message 105 to peer 0x561d99f205b0 (8 bytes)
1738820072.359057 sending message 105 to peer 0x561d99f205b0 (32 bytes)
1738820072.359059 sending message 105 to peer 0x561d99f205b0 (1506 bytes)
1738820072.359063 sending message 105 to peer 0x561d99f205b0 (10 bytes)
1738820072.359065 sending message 105 to peer 0x561d99f205b0 (24 bytes)
1738820072.359069 sending message 105 to peer 0x561d99f205b0 (116 bytes)
1738820072.359071 sending message 105 to peer 0x561d99f205b0 (12 bytes)
1738820072.359073 sending message 105 to peer 0x561d99f205b0 (20 bytes)
1738820072.359075 sending message 106 to peer 0x561d99f205b0 (0 bytes)
1738820072.359077 sending message 200 to peer 0x561d99f205b0 (4 bytes)
1738820072.359079 client loop enter
1738820072.361035 peer 0x561d99f205b0 message 207
1738820072.361071 sending message 208 to peer 0x561d99f205b0 (0 bytes)
1738820122.515681 peer 0x561d99f205b0 message 203
1738820122.515737 sending message 205 to peer 0x561d99f205b0 (0 bytes)
1738820122.516102 peer 0x561d99f205b0 message 204
1738820122.516133 client loop exit
